<?xml version="1.0" encoding="UTF-8"?>
<testng-results ignored="0" total="1" passed="1" failed="0" skipped="0">
  <reporter-output>
  </reporter-output>
  <suite started-at="2025-04-23T20:49:27 EDT" name="Default suite" finished-at="2025-04-23T20:49:35 EDT" duration-ms="8456">
    <groups>
      <group name="cucumber">
        <method signature="AbstractTestNGCucumberTests.runScenario(io.cucumber.testng.PickleWrapper,io.cucumber.testng.FeatureWrapper)[pri:0, instance:com.tutorialsninja.runner_files.Runner_TestNG@35dab4eb]" name="runScenario" class="io.cucumber.testng.AbstractTestNGCucumberTests"/>
      </group> <!-- cucumber -->
    </groups>
    <test started-at="2025-04-23T20:49:27 EDT" name="Default test" finished-at="2025-04-23T20:49:35 EDT" duration-ms="8456">
      <class name="com.tutorialsninja.runner_files.Runner_TestNG">
        <test-method is-config="true" signature="setUpClass(org.testng.ITestContext)[pri:0, instance:com.tutorialsninja.runner_files.Runner_TestNG@35dab4eb]" started-at="2025-04-23T20:49:27 EDT" name="setUpClass" finished-at="2025-04-23T20:49:27 EDT" duration-ms="442" status="PASS">
          <params>
            <param index="0">
              <value>
                <![CDATA[org.testng.TestRunner@633cc6b5]]>
              </value>
            </param>
          </params>
          <reporter-output>
          </reporter-output>
        </test-method> <!-- setUpClass -->
        <test-method signature="runScenario(io.cucumber.testng.PickleWrapper,io.cucumber.testng.FeatureWrapper)[pri:0, instance:com.tutorialsninja.runner_files.Runner_TestNG@35dab4eb]" started-at="2025-04-23T20:49:27 EDT" name="runScenario" description="Runs Cucumber Scenarios" data-provider="scenarios" finished-at="2025-04-23T20:49:34 EDT" duration-ms="6930" status="PASS">
          <params>
            <param index="0">
              <value>
                <![CDATA["Register with incorrect confirm password"]]>
              </value>
            </param>
            <param index="1">
              <value>
                <![CDATA["Validating scenarios of Register functionality for TutorialsNinja application"]]>
              </value>
            </param>
          </params>
          <reporter-output>
          </reporter-output>
        </test-method> <!-- runScenario -->
        <test-method is-config="true" signature="tearDownClass()[pri:0, instance:com.tutorialsninja.runner_files.Runner_TestNG@35dab4eb]" started-at="2025-04-23T20:49:34 EDT" name="tearDownClass" finished-at="2025-04-23T20:49:35 EDT" duration-ms="1053" status="PASS">
          <reporter-output>
          </reporter-output>
        </test-method> <!-- tearDownClass -->
      </class> <!-- com.tutorialsninja.runner_files.Runner_TestNG -->
    </test> <!-- Default test -->
  </suite> <!-- Default suite -->
</testng-results>
